Final_Project/app/build/intermediates/manifest_merge_blame_file/debug/manifest-merger-blame-debug-report.txt
1<?xml version="1.0" encoding="utf-8"?>
2<manifest xmlns:android="http://schemas.android.com/apk/res/android"
3    package="edu.upenn.cis350.final_project_profile"
4    android:versionCode="1"
5    android:versionName="1.0" >
6
7    <uses-sdk
8        android:minSdkVersion="28"
8-->src/main/AndroidManifest.xml
9        android:targetSdkVersion="29" />
9-->src/main/AndroidManifest.xml
10
11    <uses-permission android:name="android.permission.INTERNET" />
11-->src/main/AndroidManifest.xml:5:5-67
11-->src/main/AndroidManifest.xml:5:22-64
12    <uses-permission android:name="android.permission.ACCESS_NETWORK_STATE" />
12-->src/main/AndroidManifest.xml:6:5-79
12-->src/main/AndroidManifest.xml:6:22-76
13    <uses-permission android:name="android.permission.CAMERA" />
13-->src/main/AndroidManifest.xml:7:5-65
13-->src/main/AndroidManifest.xml:7:22-62
14    <uses-permission android:name="android.permission.WRITE_EXTERNAL_STORAGE" />
14-->src/main/AndroidManifest.xml:8:5-81
14-->src/main/AndroidManifest.xml:8:22-78
15    <uses-permission android:name="android.permission.READ_EXTERNAL_STORAGE" />
15-->src/main/AndroidManifest.xml:9:5-80
15-->src/main/AndroidManifest.xml:9:22-77
16
17    <application
17-->src/main/AndroidManifest.xml:11:5-63:19
18        android:allowBackup="true"
18-->src/main/AndroidManifest.xml:12:9-35
19        android:appComponentFactory="androidx.core.app.CoreComponentFactory"
19-->[androidx.core:core:1.1.0] AndroidManifest.xml:24:18-86
20        android:debuggable="true"
21        android:extractNativeLibs="false"
22        android:icon="@mipmap/ic_launcher"
22-->src/main/AndroidManifest.xml:13:9-43
23        android:label="@string/app_name"
23-->src/main/AndroidManifest.xml:14:9-41
24        android:testOnly="true"
25        android:theme="@style/AppTheme"
25-->src/main/AndroidManifest.xml:15:9-40
26        android:usesCleartextTraffic="true" >
26-->src/main/AndroidManifest.xml:16:9-44
27        <activity android:name="edu.upenn.cis350.final_project.EditPostActivity" />
27-->src/main/AndroidManifest.xml:18:9-63
27-->src/main/AndroidManifest.xml:18:19-51
28        <activity android:name="edu.upenn.cis350.final_project.ViewPostActivity" />
28-->src/main/AndroidManifest.xml:19:9-54
28-->src/main/AndroidManifest.xml:19:19-51
29        <activity android:name="edu.upenn.cis350.final_project.ViewOtherPostActivity" />
29-->src/main/AndroidManifest.xml:20:9-59
29-->src/main/AndroidManifest.xml:20:19-56
30        <activity android:name="edu.upenn.cis350.final_project.PostingsListActivity" />
30-->src/main/AndroidManifest.xml:21:9-58
30-->src/main/AndroidManifest.xml:21:19-55
31        <activity android:name="edu.upenn.cis350.final_project.NewPostActivity" />
31-->src/main/AndroidManifest.xml:22:9-53
31-->src/main/AndroidManifest.xml:22:19-50
32        <activity android:name="edu.upenn.cis350.final_project.SearchActivity" >
32-->src/main/AndroidManifest.xml:23:9-31:20
32-->src/main/AndroidManifest.xml:23:19-49
33            <intent-filter>
33-->src/main/AndroidManifest.xml:24:13-26:29
34                <action android:name="android.intent.action.SEARCH" />
34-->src/main/AndroidManifest.xml:25:17-71
34-->src/main/AndroidManifest.xml:25:25-68
35            </intent-filter>
36
37            <meta-data
37-->src/main/AndroidManifest.xml:28:13-30:54
38                android:name="android.app.searchable"
38-->src/main/AndroidManifest.xml:29:17-54
39                android:resource="@xml/searchable" />
39-->src/main/AndroidManifest.xml:30:17-51
40        </activity>
41        <activity
41-->src/main/AndroidManifest.xml:32:9-40:20
42            android:name="edu.upenn.cis350.final_project.LoginActivity"
42-->src/main/AndroidManifest.xml:33:13-42
43            android:label="Login" >
43-->src/main/AndroidManifest.xml:34:13-34
44            <intent-filter>
44-->src/main/AndroidManifest.xml:35:13-39:29
45                <action android:name="android.intent.action.MAIN" />
45-->src/main/AndroidManifest.xml:36:17-69
45-->src/main/AndroidManifest.xml:36:25-66
46
47                <category android:name="android.intent.category.LAUNCHER" />
47-->src/main/AndroidManifest.xml:38:17-77
47-->src/main/AndroidManifest.xml:38:27-74
48            </intent-filter>
49        </activity>
50
51        <provider
52            android:name="androidx.core.content.FileProvider"
52-->src/main/AndroidManifest.xml:43:13-62
53            android:authorities="edu.upenn.cis350.final_project_profile.provider"
53-->src/main/AndroidManifest.xml:44:13-60
54            android:exported="false"
54-->src/main/AndroidManifest.xml:45:13-37
55            android:grantUriPermissions="true" >
55-->src/main/AndroidManifest.xml:46:13-47
56            <meta-data
56-->src/main/AndroidManifest.xml:47:13-49:57
57                android:name="android.support.FILE_PROVIDER_PATHS"
57-->src/main/AndroidManifest.xml:48:17-67
58                android:resource="@xml/provider_paths" />
58-->src/main/AndroidManifest.xml:49:17-55
59        </provider>
60
61        <activity
61-->src/main/AndroidManifest.xml:52:9-55:71
62            android:name="com.yalantis.ucrop.UCropActivity"
62-->src/main/AndroidManifest.xml:53:13-60
63            android:screenOrientation="fullSensor"
63-->src/main/AndroidManifest.xml:54:13-51
64            android:theme="@style/Theme.AppCompat.Light.NoActionBar" />
64-->src/main/AndroidManifest.xml:55:13-69
65        <activity android:name="edu.upenn.cis350.final_project.UserProfileActivity" />
65-->src/main/AndroidManifest.xml:57:9-57
65-->src/main/AndroidManifest.xml:57:19-54
66        <activity android:name="edu.upenn.cis350.final_project.OtherUserProfileActivity" />
66-->src/main/AndroidManifest.xml:58:9-62
66-->src/main/AndroidManifest.xml:58:19-59
67        <activity android:name="edu.upenn.cis350.final_project.EditProfileActivity" />
67-->src/main/AndroidManifest.xml:59:9-57
67-->src/main/AndroidManifest.xml:59:19-54
68        <activity android:name="edu.upenn.cis350.final_project.SignupActivity" />
68-->src/main/AndroidManifest.xml:60:9-52
68-->src/main/AndroidManifest.xml:60:19-49
69        <activity android:name="edu.upenn.cis350.final_project.InstructionsActivity" />
69-->src/main/AndroidManifest.xml:61:9-58
69-->src/main/AndroidManifest.xml:61:19-55
70        <activity android:name="edu.upenn.cis350.final_project.HomeActivity" />
70-->src/main/AndroidManifest.xml:62:9-50
70-->src/main/AndroidManifest.xml:62:19-47
71    </application>
72
73</manifest>